<?xml version="1.0" encoding="utf-8"?><testsuites name="pytest tests"><testsuite name="pytest" errors="0" failures="0" skipped="0" tests="43" time="6.018" timestamp="2026-05-30T08:57:09.481524+00:00" hostname="agent-env-56564c09-1b77-40aa-ba7f-240d361a58d0"><testcase classname="backend.tests.test_dezi_backend.TestHealth" name="test_root" time="0.122" /><testcase classname="backend.tests.test_dezi_backend.TestHealth" name="test_stats" time="0.107" /><testcase classname="backend.tests.test_dezi_backend.TestAuth" name="test_admin_login" time="0.323" /><testcase classname="backend.tests.test_dezi_backend.TestAuth" name="test_moderator_login" time="0.322" /><testcase classname="backend.tests.test_dezi_backend.TestAuth" name="test_me" time="0.043" /><testcase classname="backend.tests.test_dezi_backend.TestAuth" name="test_login_bad_password" time="0.313" /><testcase classname="backend.tests.test_dezi_backend.TestAuth" name="test_register_duplicate" time="0.437" /><testcase classname="backend.tests.test_dezi_backend.TestAuth" name="test_me_unauthorized" time="0.123" /><testcase classname="backend.tests.test_dezi_backend.TestDesignSchema" name="test_create_requires_styles" time="0.046" /><testcase classname="backend.tests.test_dezi_backend.TestDesignSchema" name="test_create_requires_external_url" time="0.047" /><testcase classname="backend.tests.test_dezi_backend.TestDesignSchema" name="test_create_rejects_empty_styles" time="0.044" /><testcase classname="backend.tests.test_dezi_backend.TestDesignSchema" name="test_create_with_multiple_styles" time="0.148" /><testcase classname="backend.tests.test_dezi_backend.TestDesignSchema" name="test_filter_by_single_style_matches_array" time="0.097" /><testcase classname="backend.tests.test_dezi_backend.TestDesignSchema" name="test_patch_styles_and_external_url" time="0.045" /><testcase classname="backend.tests.test_dezi_backend.TestDesigns" name="test_user_creates_pending" time="0.047" /><testcase classname="backend.tests.test_dezi_backend.TestDesigns" name="test_admin_creates_approved" time="0.045" /><testcase classname="backend.tests.test_dezi_backend.TestDesigns" name="test_list_default_only_approved" time="0.094" /><testcase classname="backend.tests.test_dezi_backend.TestDesigns" name="test_list_paid_filter" time="0.148" /><testcase classname="backend.tests.test_dezi_backend.TestDesigns" name="test_get_design_increments_view" time="0.212" /><testcase classname="backend.tests.test_dezi_backend.TestDesigns" name="test_owner_edit_resets_to_pending" time="0.093" /><testcase classname="backend.tests.test_dezi_backend.TestModeration" name="test_user_cannot_moderate" time="0.045" /><testcase classname="backend.tests.test_dezi_backend.TestModeration" name="test_moderator_reject" time="0.097" /><testcase classname="backend.tests.test_dezi_backend.TestInteractions" name="test_like_toggle" time="0.095" /><testcase classname="backend.tests.test_dezi_backend.TestInteractions" name="test_favorite_toggle_and_list" time="0.094" /><testcase classname="backend.tests.test_dezi_backend.TestInteractions" name="test_comments" time="0.196" /><testcase classname="backend.tests.test_dezi_backend.TestDownloadPurchase" name="test_paid_requires_purchase" time="0.048" /><testcase classname="backend.tests.test_dezi_backend.TestDownloadPurchase" name="test_purchase_then_download" time="0.096" /><testcase classname="backend.tests.test_dezi_backend.TestAdminUsersBasic" name="test_user_cannot_list_users" time="0.045" /><testcase classname="backend.tests.test_dezi_backend.TestAdminUsersBasic" name="test_moderator_cannot_list_users" time="0.048" /><testcase classname="backend.tests.test_dezi_backend.TestAdminUsersBasic" name="test_admin_lists_users" time="0.045" /><testcase classname="backend.tests.test_dezi_backend.TestAdminUserCRUD" name="test_admin_create_user_success" time="0.314" /><testcase classname="backend.tests.test_dezi_backend.TestAdminUserCRUD" name="test_created_user_can_login" time="0.326" /><testcase classname="backend.tests.test_dezi_backend.TestAdminUserCRUD" name="test_admin_create_user_duplicate_email" time="0.045" /><testcase classname="backend.tests.test_dezi_backend.TestAdminUserCRUD" name="test_admin_create_user_invalid_role" time="0.049" /><testcase classname="backend.tests.test_dezi_backend.TestAdminUserCRUD" name="test_non_admin_cannot_create_user" time="0.047" /><testcase classname="backend.tests.test_dezi_backend.TestAdminUserCRUD" name="test_moderator_cannot_create_user" time="0.045" /><testcase classname="backend.tests.test_dezi_backend.TestAdminUserCRUD" name="test_non_admin_cannot_delete_user" time="0.045" /><testcase classname="backend.tests.test_dezi_backend.TestAdminUserCRUD" name="test_admin_cannot_delete_self" time="0.048" /><testcase classname="backend.tests.test_dezi_backend.TestAdminUserCRUD" name="test_admin_delete_missing_user" time="0.045" /><testcase classname="backend.tests.test_dezi_backend.TestAdminUserCRUD" name="test_admin_delete_cascades" time="0.882" /><testcase classname="backend.tests.test_dezi_backend.TestUpload" name="test_upload_image" time="0.171" /><testcase classname="backend.tests.test_dezi_backend.TestUpload" name="test_upload_rejects_non_image" time="0.043" /><testcase classname="backend.tests.test_dezi_backend.TestCleanup" name="test_cleanup_designs" time="0.183" /></testsuite></testsuites>